        -:    0:Source:dominion.c
        -:    0:Graph:dominion.gcno
        -:    0:Data:dominion.gcda
        -:    0:Runs:7
        -:    0:Programs:7
        -:    1:#include "dominion.h"
        -:    2:#include "dominion_helpers.h"
        -:    3:#include "rngs.h"
        -:    4:#include <stdio.h>
        -:    5:#include <math.h>
        -:    6:#include <stdlib.h>
        -:    7:
function compare called 3420 returned 100% blocks executed 83%
     3420:    8:int compare(const void* a, const void* b) {
     3420:    9:  if (*(int*)a > *(int*)b)
branch  0 taken 0% (fallthrough)
branch  1 taken 100%
    #####:   10:    return 1;
     3420:   11:  if (*(int*)a < *(int*)b)
branch  0 taken 27% (fallthrough)
branch  1 taken 73%
      912:   12:    return -1;
     2508:   13:  return 0;
        -:   14:}
        -:   15:
function newGame called 0 returned 0% blocks executed 0%
    #####:   16:struct gameState* newGame() {
    #####:   17:  struct gameState* g = malloc(sizeof(struct gameState));
    #####:   18:  return g;
        -:   19:}
        -:   20:
function kingdomCards called 0 returned 0% blocks executed 0%
    #####:   21:int* kingdomCards(int k1, int k2, int k3, int k4, int k5, int k6, int k7,
        -:   22:		  int k8, int k9, int k10) {
    #####:   23:  int* k = malloc(10 * sizeof(int));
    #####:   24:  k[0] = k1;
    #####:   25:  k[1] = k2;
    #####:   26:  k[2] = k3;
    #####:   27:  k[3] = k4;
    #####:   28:  k[4] = k5;
    #####:   29:  k[5] = k6;
    #####:   30:  k[6] = k7;
    #####:   31:  k[7] = k8;
    #####:   32:  k[8] = k9;
    #####:   33:  k[9] = k10;
    #####:   34:  return k;
        -:   35:}
        -:   36:
function initializeGame called 114 returned 100% blocks executed 88%
      114:   37:int initializeGame(int numPlayers, int kingdomCards[10], int randomSeed,
        -:   38:		   struct gameState *state) {
        -:   39:
        -:   40:  int i;
        -:   41:  int j;
        -:   42:  int it;			
        -:   43:  //set up random number generator
      114:   44:  SelectStream(1);
call    0 returned 100%
      114:   45:  PutSeed((long)randomSeed);
call    0 returned 100%
        -:   46:  
        -:   47:  //check number of players
      114:   48:  if (numPlayers > MAX_PLAYERS || numPlayers < 2)
branch  0 taken 100% (fallthrough)
branch  1 taken 0%
branch  2 taken 0% (fallthrough)
branch  3 taken 100%
        -:   49:    {
    #####:   50:      return -1;
        -:   51:    }
        -:   52:
        -:   53:  //set number of players
      114:   54:  state->numPlayers = numPlayers;
        -:   55:
        -:   56:  //check selected kingdom cards are different
     1254:   57:  for (i = 0; i < 10; i++)
branch  0 taken 91%
branch  1 taken 9% (fallthrough)
        -:   58:    {
    12540:   59:      for (j = 0; j < 10; j++)
branch  0 taken 91%
branch  1 taken 9% (fallthrough)
        -:   60:        {
    11400:   61:	  if (j != i && kingdomCards[j] == kingdomCards[i])
branch  0 taken 90% (fallthrough)
branch  1 taken 10%
branch  2 taken 0% (fallthrough)
branch  3 taken 100%
        -:   62:	    {
    #####:   63:	      return -1;
        -:   64:	    }
        -:   65:        }
        -:   66:    }
        -:   67:
        -:   68:
        -:   69:  //initialize supply
        -:   70:  ///////////////////////////////
        -:   71:
        -:   72:  //set number of Curse cards
      114:   73:  if (numPlayers == 2)
branch  0 taken 100% (fallthrough)
branch  1 taken 0%
        -:   74:    {
      114:   75:      state->supplyCount[curse] = 10;
        -:   76:    }
    #####:   77:  else if (numPlayers == 3)
branch  0 never executed
branch  1 never executed
        -:   78:    {
    #####:   79:      state->supplyCount[curse] = 20;
        -:   80:    }
        -:   81:  else
        -:   82:    {
    #####:   83:      state->supplyCount[curse] = 30;
        -:   84:    }
        -:   85:
        -:   86:  //set number of Victory cards
      114:   87:  if (numPlayers == 2)
branch  0 taken 100% (fallthrough)
branch  1 taken 0%
        -:   88:    {
      114:   89:      state->supplyCount[estate] = 8;
      114:   90:      state->supplyCount[duchy] = 8;
      114:   91:      state->supplyCount[province] = 8;
        -:   92:    }
        -:   93:  else
        -:   94:    {
    #####:   95:      state->supplyCount[estate] = 12;
    #####:   96:      state->supplyCount[duchy] = 12;
    #####:   97:      state->supplyCount[province] = 12;
        -:   98:    }
        -:   99:
        -:  100:  //set number of Treasure cards
      114:  101:  state->supplyCount[copper] = 60 - (7 * numPlayers);
      114:  102:  state->supplyCount[silver] = 40;
      114:  103:  state->supplyCount[gold] = 30;
        -:  104:
        -:  105:  //set number of Kingdom cards
     2394:  106:  for (i = adventurer; i <= treasure_map; i++)       	//loop all cards
branch  0 taken 95%
branch  1 taken 5% (fallthrough)
        -:  107:    {
    18810:  108:      for (j = 0; j < 10; j++)           		//loop chosen cards
branch  0 taken 94%
branch  1 taken 6% (fallthrough)
        -:  109:	{
    17670:  110:	  if (kingdomCards[j] == i)
branch  0 taken 6% (fallthrough)
branch  1 taken 94%
        -:  111:	    {
        -:  112:	      //check if card is a 'Victory' Kingdom card
     1140:  113:	      if (kingdomCards[j] == great_hall || kingdomCards[j] == gardens)
branch  0 taken 90% (fallthrough)
branch  1 taken 10%
branch  2 taken 11% (fallthrough)
branch  3 taken 89%
        -:  114:		{
      456:  115:		  if (numPlayers == 2){ 
branch  0 taken 100% (fallthrough)
branch  1 taken 0%
      228:  116:		    state->supplyCount[i] = 8; 
        -:  117:		  }
    #####:  118:		  else{ state->supplyCount[i] = 12; }
        -:  119:		}
        -:  120:	      else
        -:  121:		{
      912:  122:		  state->supplyCount[i] = 10;
        -:  123:		}
     1140:  124:	      break;
        -:  125:	    }
        -:  126:	  else    //card is not in the set choosen for the game
        -:  127:	    {
    16530:  128:	      state->supplyCount[i] = -1;
        -:  129:	    }
        -:  130:	}
        -:  131:
        -:  132:    }
        -:  133:
        -:  134:  ////////////////////////
        -:  135:  //supply intilization complete
        -:  136:
        -:  137:  //set player decks
      342:  138:  for (i = 0; i < numPlayers; i++)
branch  0 taken 67%
branch  1 taken 33% (fallthrough)
        -:  139:    {
      228:  140:      state->deckCount[i] = 0;
      912:  141:      for (j = 0; j < 3; j++)
branch  0 taken 75%
branch  1 taken 25% (fallthrough)
        -:  142:	{
      684:  143:	  state->deck[i][j] = estate;
      684:  144:	  state->deckCount[i]++;
        -:  145:	}
     1824:  146:      for (j = 3; j < 10; j++)
branch  0 taken 88%
branch  1 taken 13% (fallthrough)
        -:  147:	{
     1596:  148:	  state->deck[i][j] = copper;
     1596:  149:	  state->deckCount[i]++;		
        -:  150:	}
        -:  151:    }
        -:  152:
        -:  153:  //shuffle player decks
      342:  154:  for (i = 0; i < numPlayers; i++)
branch  0 taken 67%
branch  1 taken 33% (fallthrough)
        -:  155:    {
      228:  156:      if ( shuffle(i, state) < 0 )
call    0 returned 100%
branch  1 taken 0% (fallthrough)
branch  2 taken 100%
        -:  157:	{
    #####:  158:	  return -1;
        -:  159:	}
        -:  160:    }
        -:  161:
        -:  162:  //draw player hands
      342:  163:  for (i = 0; i < numPlayers; i++)
branch  0 taken 67%
branch  1 taken 33% (fallthrough)
        -:  164:    {  
        -:  165:      //initialize hand size to zero
      228:  166:      state->handCount[i] = 0;
      228:  167:      state->discardCount[i] = 0;
        -:  168:      //draw 5 cards
        -:  169:      // for (j = 0; j < 5; j++)
        -:  170:      //	{
        -:  171:      //	  drawCard(i, state);
        -:  172:      //	}
        -:  173:    }
        -:  174:  
        -:  175:  //set embargo tokens to 0 for all supply piles
     3192:  176:  for (i = 0; i <= treasure_map; i++)
branch  0 taken 96%
branch  1 taken 4% (fallthrough)
        -:  177:    {
     3078:  178:      state->embargoTokens[i] = 0;
        -:  179:    }
        -:  180:
        -:  181:  //initialize first player's turn
      114:  182:  state->outpostPlayed = 0;
      114:  183:  state->phase = 0;
      114:  184:  state->numActions = 1;
      114:  185:  state->numBuys = 1;
      114:  186:  state->playedCardCount = 0;
      114:  187:  state->whoseTurn = 0;
      114:  188:  state->handCount[state->whoseTurn] = 0;
        -:  189:  //int it; move to top
        -:  190:
        -:  191:  //Moved draw cards to here, only drawing at the start of a turn
      684:  192:  for (it = 0; it < 5; it++){
branch  0 taken 83%
branch  1 taken 17% (fallthrough)
      570:  193:    drawCard(state->whoseTurn, state);
call    0 returned 100%
        -:  194:  }
        -:  195:
      114:  196:  updateCoins(state->whoseTurn, state, 0);
call    0 returned 100%
        -:  197:
      114:  198:  return 0;
        -:  199:}
        -:  200:
function shuffle called 228 returned 100% blocks executed 94%
      228:  201:int shuffle(int player, struct gameState *state) {
        -:  202: 
        -:  203:
        -:  204:  int newDeck[MAX_DECK];
      228:  205:  int newDeckPos = 0;
        -:  206:  int card;
        -:  207:  int i;
        -:  208:
      228:  209:  if (state->deckCount[player] < 1)
branch  0 taken 0% (fallthrough)
branch  1 taken 100%
    #####:  210:    return -1;
      228:  211:  qsort ((void*)(state->deck[player]), state->deckCount[player], sizeof(int), compare); 
call    0 returned 100%
        -:  212:  /* SORT CARDS IN DECK TO ENSURE DETERMINISM! */
        -:  213:
     2736:  214:  while (state->deckCount[player] > 0) {
branch  0 taken 91%
branch  1 taken 9% (fallthrough)
     2280:  215:    card = floor(Random() * state->deckCount[player]);
call    0 returned 100%
     2280:  216:    newDeck[newDeckPos] = state->deck[player][card];
     2280:  217:    newDeckPos++;
     7980:  218:    for (i = card; i < state->deckCount[player]-1; i++) {
branch  0 taken 71%
branch  1 taken 29% (fallthrough)
     5700:  219:      state->deck[player][i] = state->deck[player][i+1];
        -:  220:    }
     2280:  221:    state->deckCount[player]--;
        -:  222:  }
     2508:  223:  for (i = 0; i < newDeckPos; i++) {
branch  0 taken 91%
branch  1 taken 9% (fallthrough)
     2280:  224:    state->deck[player][i] = newDeck[i];
     2280:  225:    state->deckCount[player]++;
        -:  226:  }
        -:  227:
      228:  228:  return 0;
        -:  229:}
        -:  230:
function playCard called 0 returned 0% blocks executed 0%
    #####:  231:int playCard(int handPos, int choice1, int choice2, int choice3, struct gameState *state) 
        -:  232:{	
        -:  233:  int card;
    #####:  234:  int coin_bonus = 0; 		//tracks coins gain from actions
        -:  235:
        -:  236:  //check if it is the right phase
    #####:  237:  if (state->phase != 0)
branch  0 never executed
branch  1 never executed
        -:  238:    {
    #####:  239:      return -1;
        -:  240:    }
        -:  241:	
        -:  242:  //check if player has enough actions
    #####:  243:  if ( state->numActions < 1 )
branch  0 never executed
branch  1 never executed
        -:  244:    {
    #####:  245:      return -1;
        -:  246:    }
        -:  247:	
        -:  248:  //get card played
    #####:  249:  card = handCard(handPos, state);
call    0 never executed
        -:  250:	
        -:  251:  //check if selected card is an action
    #####:  252:  if ( card < adventurer || card > treasure_map )
branch  0 never executed
branch  1 never executed
branch  2 never executed
branch  3 never executed
        -:  253:    {
    #####:  254:      return -1;
        -:  255:    }
        -:  256:	
        -:  257:  //play card
    #####:  258:  if ( cardEffect(card, choice1, choice2, choice3, state, handPos, &coin_bonus) < 0 )
call    0 never executed
branch  1 never executed
branch  2 never executed
        -:  259:    {
    #####:  260:      return -1;
        -:  261:    }
        -:  262:	
        -:  263:  //reduce number of actions
    #####:  264:  state->numActions--;
        -:  265:
        -:  266:  //update coins (Treasure cards may be added with card draws)
    #####:  267:  updateCoins(state->whoseTurn, state, coin_bonus);
call    0 never executed
        -:  268:	
    #####:  269:  return 0;
        -:  270:}
        -:  271:
function buyCard called 3 returned 100% blocks executed 43%
        3:  272:int buyCard(int supplyPos, struct gameState *state) {
        -:  273:  int who;
        -:  274:  if (DEBUG){
        -:  275:    printf("Entering buyCard...\n");
        -:  276:  }
        -:  277:
        -:  278:  // I don't know what to do about the phase thing.
        -:  279:
        3:  280:  who = state->whoseTurn;
        -:  281:
        3:  282:  if (state->numBuys < 1){
branch  0 taken 0% (fallthrough)
branch  1 taken 100%
        -:  283:    if (DEBUG)
        -:  284:      printf("You do not have any buys left\n");
    #####:  285:    return -1;
        3:  286:  } else if (supplyCount(supplyPos, state) <1){
call    0 returned 100%
branch  1 taken 100% (fallthrough)
branch  2 taken 0%
        -:  287:    if (DEBUG)
        -:  288:      printf("There are not any of that type of card left\n");
        3:  289:    return -1;
    #####:  290:  } else if (state->coins < getCost(supplyPos)){
call    0 never executed
branch  1 never executed
branch  2 never executed
        -:  291:    if (DEBUG) 
        -:  292:      printf("You do not have enough money to buy that. You have %d coins.\n", state->coins);
    #####:  293:    return -1;
        -:  294:  } else {
    #####:  295:    state->phase=1;
        -:  296:    //state->supplyCount[supplyPos]--;
    #####:  297:    gainCard(supplyPos, state, 0, who); //card goes in discard, this might be wrong.. (2 means goes into hand, 0 goes into discard)
call    0 never executed
        -:  298:  
    #####:  299:    state->coins = (state->coins) - (getCost(supplyPos));
call    0 never executed
    #####:  300:    state->numBuys--;
        -:  301:    if (DEBUG)
        -:  302:      printf("You bought card number %d for %d coins. You now have %d buys and %d coins.\n", supplyPos, getCost(supplyPos), state->numBuys, state->coins);
        -:  303:  }
        -:  304:
        -:  305:  //state->discard[who][state->discardCount[who]] = supplyPos;
        -:  306:  //state->discardCount[who]++;
        -:  307:    
    #####:  308:  return 0;
        -:  309:}
        -:  310:
function numHandCards called 0 returned 0% blocks executed 0%
    #####:  311:int numHandCards(struct gameState *state) {
    #####:  312:  return state->handCount[ whoseTurn(state) ];
call    0 never executed
        -:  313:}
        -:  314:
function handCard called 0 returned 0% blocks executed 0%
    #####:  315:int handCard(int handPos, struct gameState *state) {
    #####:  316:  int currentPlayer = whoseTurn(state);
call    0 never executed
    #####:  317:  return state->hand[currentPlayer][handPos];
        -:  318:}
        -:  319:
function supplyCount called 3 returned 100% blocks executed 100%
        3:  320:int supplyCount(int card, struct gameState *state) {
        3:  321:  return state->supplyCount[card];
        -:  322:}
        -:  323:
function fullDeckCount called 0 returned 0% blocks executed 0%
    #####:  324:int fullDeckCount(int player, int card, struct gameState *state) {
        -:  325:  int i;
    #####:  326:  int count = 0;
        -:  327:
    #####:  328:  for (i = 0; i < state->deckCount[player]; i++)
branch  0 never executed
branch  1 never executed
        -:  329:    {
    #####:  330:      if (state->deck[player][i] == card) count++;
branch  0 never executed
branch  1 never executed
        -:  331:    }
        -:  332:
    #####:  333:  for (i = 0; i < state->handCount[player]; i++)
branch  0 never executed
branch  1 never executed
        -:  334:    {
    #####:  335:      if (state->hand[player][i] == card) count++;
branch  0 never executed
branch  1 never executed
        -:  336:    }
        -:  337:
    #####:  338:  for (i = 0; i < state->discardCount[player]; i++)
branch  0 never executed
branch  1 never executed
        -:  339:    {
    #####:  340:      if (state->discard[player][i] == card) count++;
branch  0 never executed
branch  1 never executed
        -:  341:    }
        -:  342:
    #####:  343:  return count;
        -:  344:}
        -:  345:
function whoseTurn called 11 returned 100% blocks executed 100%
       11:  346:int whoseTurn(struct gameState *state) {
       11:  347:  return state->whoseTurn;
        -:  348:}
        -:  349:
function endTurn called 0 returned 0% blocks executed 0%
    #####:  350:int endTurn(struct gameState *state) {
        -:  351:  int k;
        -:  352:  int i;
    #####:  353:  int currentPlayer = whoseTurn(state);
call    0 never executed
        -:  354:  
        -:  355:  //Discard hand
    #####:  356:  for (i = 0; i < state->handCount[currentPlayer]; i++){
branch  0 never executed
branch  1 never executed
    #####:  357:    state->discard[currentPlayer][state->discardCount[currentPlayer]++] = state->hand[currentPlayer][i];//Discard
    #####:  358:    state->hand[currentPlayer][i] = -1;//Set card to -1
        -:  359:  }
    #####:  360:  state->handCount[currentPlayer] = 0;//Reset hand count
        -:  361:    
        -:  362:  //Code for determining the player
    #####:  363:  if (currentPlayer < (state->numPlayers - 1)){ 
branch  0 never executed
branch  1 never executed
    #####:  364:    state->whoseTurn = currentPlayer + 1;//Still safe to increment
        -:  365:  }
        -:  366:  else{
    #####:  367:    state->whoseTurn = 0;//Max player has been reached, loop back around to player 1
        -:  368:  }
        -:  369:
    #####:  370:  state->outpostPlayed = 0;
    #####:  371:  state->phase = 0;
    #####:  372:  state->numActions = 1;
    #####:  373:  state->coins = 0;
    #####:  374:  state->numBuys = 1;
    #####:  375:  state->playedCardCount = 0;
    #####:  376:  state->handCount[state->whoseTurn] = 0;
        -:  377:
        -:  378:  //int k; move to top
        -:  379:  //Next player draws hand
    #####:  380:  for (k = 0; k < 5; k++){
branch  0 never executed
branch  1 never executed
    #####:  381:    drawCard(state->whoseTurn, state);//Draw a card
call    0 never executed
        -:  382:  }
        -:  383:
        -:  384:  //Update money
    #####:  385:  updateCoins(state->whoseTurn, state , 0);
call    0 never executed
        -:  386:
    #####:  387:  return 0;
        -:  388:}
        -:  389:
function isGameOver called 9 returned 100% blocks executed 100%
        9:  390:int isGameOver(struct gameState *state) {
        -:  391:  int i;
        -:  392:  int j;
        -:  393:	
        -:  394:  //if stack of Province cards is empty, the game ends
        9:  395:  if (state->supplyCount[province] == 0)
branch  0 taken 11% (fallthrough)
branch  1 taken 89%
        -:  396:    {
        1:  397:      return 1;
        -:  398:    }
        -:  399:
        -:  400:  //if three supply pile are at 0, the game ends
        8:  401:  j = 0;
      208:  402:  for (i = 0; i < 25; i++)
branch  0 taken 96%
branch  1 taken 4% (fallthrough)
        -:  403:    {
      200:  404:      if (state->supplyCount[i] == 0)
branch  0 taken 6% (fallthrough)
branch  1 taken 94%
        -:  405:	{
       12:  406:	  j++;
        -:  407:	}
        -:  408:    }
        8:  409:  if ( j >= 3)
branch  0 taken 13% (fallthrough)
branch  1 taken 88%
        -:  410:    {
        1:  411:      return 1;
        -:  412:    }
        -:  413:
        7:  414:  return 0;
        -:  415:}
        -:  416:
function scoreFor called 0 returned 0% blocks executed 0%
    #####:  417:int scoreFor (int player, struct gameState *state) {
        -:  418:
        -:  419:  int i;
    #####:  420:  int score = 0;
        -:  421:  //score from hand
    #####:  422:  for (i = 0; i < state->handCount[player]; i++)
branch  0 never executed
branch  1 never executed
        -:  423:    {
    #####:  424:      if (state->hand[player][i] == curse) { score = score - 1; };
branch  0 never executed
branch  1 never executed
    #####:  425:      if (state->hand[player][i] == estate) { score = score + 1; };
branch  0 never executed
branch  1 never executed
    #####:  426:      if (state->hand[player][i] == duchy) { score = score + 3; };
branch  0 never executed
branch  1 never executed
    #####:  427:      if (state->hand[player][i] == province) { score = score + 6; };
branch  0 never executed
branch  1 never executed
    #####:  428:      if (state->hand[player][i] == great_hall) { score = score + 1; };
branch  0 never executed
branch  1 never executed
    #####:  429:      if (state->hand[player][i] == gardens) { score = score + ( fullDeckCount(player, 0, state) / 10 ); };
branch  0 never executed
branch  1 never executed
call    2 never executed
        -:  430:    }
        -:  431:
        -:  432:  //score from discard
    #####:  433:  for (i = 0; i < state->discardCount[player]; i++)
branch  0 never executed
branch  1 never executed
        -:  434:    {
    #####:  435:      if (state->discard[player][i] == curse) { score = score - 1; };
branch  0 never executed
branch  1 never executed
    #####:  436:      if (state->discard[player][i] == estate) { score = score + 1; };
branch  0 never executed
branch  1 never executed
    #####:  437:      if (state->discard[player][i] == duchy) { score = score + 3; };
branch  0 never executed
branch  1 never executed
    #####:  438:      if (state->discard[player][i] == province) { score = score + 6; };
branch  0 never executed
branch  1 never executed
    #####:  439:      if (state->discard[player][i] == great_hall) { score = score + 1; };
branch  0 never executed
branch  1 never executed
    #####:  440:      if (state->discard[player][i] == gardens) { score = score + ( fullDeckCount(player, 0, state) / 10 ); };
branch  0 never executed
branch  1 never executed
call    2 never executed
        -:  441:    }
        -:  442:
        -:  443:  //score from deck
    #####:  444:  for (i = 0; i < state->discardCount[player]; i++)
branch  0 never executed
branch  1 never executed
        -:  445:    {
    #####:  446:      if (state->deck[player][i] == curse) { score = score - 1; };
branch  0 never executed
branch  1 never executed
    #####:  447:      if (state->deck[player][i] == estate) { score = score + 1; };
branch  0 never executed
branch  1 never executed
    #####:  448:      if (state->deck[player][i] == duchy) { score = score + 3; };
branch  0 never executed
branch  1 never executed
    #####:  449:      if (state->deck[player][i] == province) { score = score + 6; };
branch  0 never executed
branch  1 never executed
    #####:  450:      if (state->deck[player][i] == great_hall) { score = score + 1; };
branch  0 never executed
branch  1 never executed
    #####:  451:      if (state->deck[player][i] == gardens) { score = score + ( fullDeckCount(player, 0, state) / 10 ); };
branch  0 never executed
branch  1 never executed
call    2 never executed
        -:  452:    }
        -:  453:
    #####:  454:  return score;
        -:  455:}
        -:  456:
function getWinners called 0 returned 0% blocks executed 0%
    #####:  457:int getWinners(int players[MAX_PLAYERS], struct gameState *state) {
        -:  458:  int i;	
        -:  459:  int j;
        -:  460:  int highScore;
        -:  461:  int currentPlayer;
        -:  462:
        -:  463:  //get score for each player
    #####:  464:  for (i = 0; i < MAX_PLAYERS; i++)
branch  0 never executed
branch  1 never executed
        -:  465:    {
        -:  466:      //set unused player scores to -9999
    #####:  467:      if (i >= state->numPlayers)
branch  0 never executed
branch  1 never executed
        -:  468:	{
    #####:  469:	  players[i] = -9999;
        -:  470:	}
        -:  471:      else
        -:  472:	{
    #####:  473:	  players[i] = scoreFor (i, state);
call    0 never executed
        -:  474:	}
        -:  475:    }
        -:  476:
        -:  477:  //find highest score
    #####:  478:  j = 0;
    #####:  479:  for (i = 0; i < MAX_PLAYERS; i++)
branch  0 never executed
branch  1 never executed
        -:  480:    {
    #####:  481:      if (players[i] > players[j])
branch  0 never executed
branch  1 never executed
        -:  482:	{
    #####:  483:	  j = i;
        -:  484:	}
        -:  485:    }
    #####:  486:  highScore = players[j];
        -:  487:
        -:  488:  //add 1 to players who had less turns
    #####:  489:  currentPlayer = whoseTurn(state);
call    0 never executed
    #####:  490:  for (i = 0; i < MAX_PLAYERS; i++)
branch  0 never executed
branch  1 never executed
        -:  491:    {
    #####:  492:      if ( players[i] == highScore && i > currentPlayer )
branch  0 never executed
branch  1 never executed
branch  2 never executed
branch  3 never executed
        -:  493:	{
    #####:  494:	  players[i]++;
        -:  495:	}
        -:  496:    }
        -:  497:
        -:  498:  //find new highest score
    #####:  499:  j = 0;
    #####:  500:  for (i = 0; i < MAX_PLAYERS; i++)
branch  0 never executed
branch  1 never executed
        -:  501:    {
    #####:  502:      if ( players[i] > players[j] )
branch  0 never executed
branch  1 never executed
        -:  503:	{
    #####:  504:	  j = i;
        -:  505:	}
        -:  506:    }
    #####:  507:  highScore = players[j];
        -:  508:
        -:  509:  //set winners in array to 1 and rest to 0
    #####:  510:  for (i = 0; i < MAX_PLAYERS; i++)
branch  0 never executed
branch  1 never executed
        -:  511:    {
    #####:  512:      if ( players[i] == highScore )
branch  0 never executed
branch  1 never executed
        -:  513:	{
    #####:  514:	  players[i] = 1;
        -:  515:	}
        -:  516:      else
        -:  517:	{
    #####:  518:	  players[i] = 0;
        -:  519:	}
        -:  520:    }
        -:  521:
    #####:  522:  return 0;
        -:  523:}
        -:  524:
function drawCard called 576 returned 100% blocks executed 38%
      576:  525:int drawCard(int player, struct gameState *state)
        -:  526:{	int count;
        -:  527:  int deckCounter;
      576:  528:  if (state->deckCount[player] <= 0){//Deck is empty
branch  0 taken 0% (fallthrough)
branch  1 taken 100%
        -:  529:    
        -:  530:    //Step 1 Shuffle the discard pile back into a deck
        -:  531:    int i;
        -:  532:    //Move discard to deck
    #####:  533:    for (i = 0; i < state->discardCount[player];i++){
branch  0 never executed
branch  1 never executed
    #####:  534:      state->deck[player][i] = state->discard[player][i];
    #####:  535:      state->discard[player][i] = -1;
        -:  536:    }
        -:  537:
    #####:  538:    state->deckCount[player] = state->discardCount[player];
    #####:  539:    state->discardCount[player] = 0;//Reset discard
        -:  540:
        -:  541:    //Shufffle the deck
    #####:  542:    shuffle(player, state);//Shuffle the deck up and make it so that we can draw
call    0 never executed
        -:  543:   
        -:  544:    if (DEBUG){//Debug statements
        -:  545:      printf("Deck count now: %d\n", state->deckCount[player]);
        -:  546:    }
        -:  547:    
    #####:  548:    state->discardCount[player] = 0;
        -:  549:
        -:  550:    //Step 2 Draw Card
    #####:  551:    count = state->handCount[player];//Get current player's hand count
        -:  552:    
        -:  553:    if (DEBUG){//Debug statements
        -:  554:      printf("Current hand count: %d\n", count);
        -:  555:    }
        -:  556:    
    #####:  557:    deckCounter = state->deckCount[player];//Create a holder for the deck count
        -:  558:
    #####:  559:    if (deckCounter == 0)
branch  0 never executed
branch  1 never executed
    #####:  560:      return -1;
        -:  561:
    #####:  562:    state->hand[player][count] = state->deck[player][deckCounter - 1];//Add card to hand
    #####:  563:    state->deckCount[player]--;
    #####:  564:    state->handCount[player]++;//Increment hand count
        -:  565:  }
        -:  566:
        -:  567:  else{
      576:  568:    int count = state->handCount[player];//Get current hand count for player
        -:  569:    int deckCounter;
        -:  570:    if (DEBUG){//Debug statements
        -:  571:      printf("Current hand count: %d\n", count);
        -:  572:    }
        -:  573:
      576:  574:    deckCounter = state->deckCount[player];//Create holder for the deck count
      576:  575:    state->hand[player][count] = state->deck[player][deckCounter - 1];//Add card to the hand
      576:  576:    state->deckCount[player]--;
      576:  577:    state->handCount[player]++;//Increment hand count
        -:  578:  }
        -:  579:
      576:  580:  return 0;
        -:  581:}
        -:  582:
function getCost called 0 returned 0% blocks executed 0%
    #####:  583:int getCost(int cardNumber)
        -:  584:{
    #####:  585:  switch( cardNumber ) 
branch  0 never executed
branch  1 never executed
branch  2 never executed
branch  3 never executed
branch  4 never executed
branch  5 never executed
branch  6 never executed
branch  7 never executed
branch  8 never executed
branch  9 never executed
branch 10 never executed
branch 11 never executed
branch 12 never executed
branch 13 never executed
branch 14 never executed
branch 15 never executed
branch 16 never executed
branch 17 never executed
branch 18 never executed
branch 19 never executed
branch 20 never executed
branch 21 never executed
branch 22 never executed
branch 23 never executed
branch 24 never executed
branch 25 never executed
branch 26 never executed
branch 27 never executed
        -:  586:    {
        -:  587:    case curse:
    #####:  588:      return 0;
        -:  589:    case estate:
    #####:  590:      return 2;
        -:  591:    case duchy:
    #####:  592:      return 5;
        -:  593:    case province:
    #####:  594:      return 8;
        -:  595:    case copper:
    #####:  596:      return 0;
        -:  597:    case silver:
    #####:  598:      return 3;
        -:  599:    case gold:
    #####:  600:      return 6;
        -:  601:    case adventurer:
    #####:  602:      return 6;
        -:  603:    case council_room:
    #####:  604:      return 5;
        -:  605:    case feast:
    #####:  606:      return 4;
        -:  607:    case gardens:
    #####:  608:      return 4;
        -:  609:    case mine:
    #####:  610:      return 5;
        -:  611:    case remodel:
    #####:  612:      return 4;
        -:  613:    case smithy:
    #####:  614:      return 4;
        -:  615:    case village:
    #####:  616:      return 3;
        -:  617:    case baron:
    #####:  618:      return 4;
        -:  619:    case great_hall:
    #####:  620:      return 3;
        -:  621:    case minion:
    #####:  622:      return 5;
        -:  623:    case steward:
    #####:  624:      return 3;
        -:  625:    case tribute:
    #####:  626:      return 5;
        -:  627:    case ambassador:
    #####:  628:      return 3;
        -:  629:    case cutpurse:
    #####:  630:      return 4;
        -:  631:    case embargo: 
    #####:  632:      return 2;
        -:  633:    case outpost:
    #####:  634:      return 5;
        -:  635:    case salvager:
    #####:  636:      return 4;
        -:  637:    case sea_hag:
    #####:  638:      return 4;
        -:  639:    case treasure_map:
    #####:  640:      return 4;
        -:  641:    }
        -:  642:	
    #####:  643:  return -1;
        -:  644:}
        -:  645:
function cardEffect called 3 returned 100% blocks executed 5%
        3:  646:int cardEffect(int card, int choice1, int choice2, int choice3, struct gameState *state, int handPos, int *bonus)
        -:  647:{
        -:  648:  int i;
        -:  649:  int j;
        -:  650:  int k;
        -:  651:  int index;
        3:  652:  int currentPlayer = whoseTurn(state);
call    0 returned 100%
        3:  653:  int nextPlayer = currentPlayer + 1;
        -:  654:
        3:  655:  int tributeRevealedCards[2] = {-1, -1};
        3:  656:  if (nextPlayer > (state->numPlayers - 1)){
branch  0 taken 0% (fallthrough)
branch  1 taken 100%
    #####:  657:    nextPlayer = 0;
        -:  658:  }
        -:  659:  
        -:  660:	
        -:  661:  //uses switch to select card and perform actions
        3:  662:  switch( card ) 
branch  0 taken 33%
branch  1 taken 0%
branch  2 taken 0%
branch  3 taken 0%
branch  4 taken 0%
branch  5 taken 0%
branch  6 taken 33%
branch  7 taken 33%
branch  8 taken 0%
branch  9 taken 0%
branch 10 taken 0%
branch 11 taken 0%
branch 12 taken 0%
branch 13 taken 0%
branch 14 taken 0%
branch 15 taken 0%
branch 16 taken 0%
branch 17 taken 0%
branch 18 taken 0%
branch 19 taken 0%
branch 20 taken 0%
        -:  663:    {
        -:  664:    case adventurer:
        1:  665:      adventurer_card(state);
call    0 returned 100%
        1:  666:      return 0;
        -:  667:			
        -:  668:    case council_room:
        -:  669:      //+4 Cards
    #####:  670:      for (i = 0; i < 4; i++)
branch  0 never executed
branch  1 never executed
        -:  671:	{
    #####:  672:	  drawCard(currentPlayer, state);
call    0 never executed
        -:  673:	}
        -:  674:			
        -:  675:      //+1 Buy
    #####:  676:      state->numBuys++;
        -:  677:			
        -:  678:      //Each other player draws a card
    #####:  679:      for (i = 0; i < state->numPlayers; i++)
branch  0 never executed
branch  1 never executed
        -:  680:	{
    #####:  681:	  if ( i != currentPlayer )
branch  0 never executed
branch  1 never executed
        -:  682:	    {
    #####:  683:	      drawCard(i, state);
call    0 never executed
        -:  684:	    }
        -:  685:	}
        -:  686:			
        -:  687:      //put played card in played card pile
    #####:  688:      discardCard(handPos, currentPlayer, state, 0);
call    0 never executed
        -:  689:			
    #####:  690:      return 0;
        -:  691:			
        -:  692:    case feast:
    #####:  693:      feast_card(choice1, state);
call    0 never executed
    #####:  694:      return 0;
        -:  695:			
        -:  696:    case gardens:
    #####:  697:      return -1;
        -:  698:			
        -:  699:    case mine:
    #####:  700:      j = state->hand[currentPlayer][choice1];  //store card we will trash
        -:  701:
    #####:  702:      if (state->hand[currentPlayer][choice1] < copper || state->hand[currentPlayer][choice1] > gold)
branch  0 never executed
branch  1 never executed
branch  2 never executed
branch  3 never executed
        -:  703:	{
    #####:  704:	  return -1;
        -:  705:	}
        -:  706:		
    #####:  707:      if (choice2 > treasure_map || choice2 < curse)
branch  0 never executed
branch  1 never executed
branch  2 never executed
branch  3 never executed
        -:  708:	{
    #####:  709:	  return -1;
        -:  710:	}
        -:  711:
    #####:  712:      if ( (getCost(state->hand[currentPlayer][choice1]) + 3) > getCost(choice2) )
call    0 never executed
call    1 never executed
branch  2 never executed
branch  3 never executed
        -:  713:	{
    #####:  714:	  return -1;
        -:  715:	}
        -:  716:
    #####:  717:      gainCard(choice2, state, 2, currentPlayer);
call    0 never executed
        -:  718:
        -:  719:      //discard card from hand
    #####:  720:      discardCard(handPos, currentPlayer, state, 0);
call    0 never executed
        -:  721:
        -:  722:      //discard trashed card
    #####:  723:      for (i = 0; i < state->handCount[currentPlayer]; i++)
branch  0 never executed
branch  1 never executed
        -:  724:	{
    #####:  725:	  if (state->hand[currentPlayer][i] == j)
branch  0 never executed
branch  1 never executed
        -:  726:	    {
    #####:  727:	      discardCard(i, currentPlayer, state, 0);			
call    0 never executed
    #####:  728:	      break;
        -:  729:	    }
        -:  730:	}
        -:  731:			
    #####:  732:      return 0;
        -:  733:			
        -:  734:    case remodel:
    #####:  735:      j = state->hand[currentPlayer][choice1];  //store card we will trash
        -:  736:
    #####:  737:      if ( (getCost(state->hand[currentPlayer][choice1]) + 2) > getCost(choice2) )
call    0 never executed
call    1 never executed
branch  2 never executed
branch  3 never executed
        -:  738:	{
    #####:  739:	  return -1;
        -:  740:	}
        -:  741:
    #####:  742:      gainCard(choice2, state, 0, currentPlayer);
call    0 never executed
        -:  743:
        -:  744:      //discard card from hand
    #####:  745:      discardCard(handPos, currentPlayer, state, 0);
call    0 never executed
        -:  746:
        -:  747:      //discard trashed card
    #####:  748:      for (i = 0; i < state->handCount[currentPlayer]; i++)
branch  0 never executed
branch  1 never executed
        -:  749:	{
    #####:  750:	  if (state->hand[currentPlayer][i] == j)
branch  0 never executed
branch  1 never executed
        -:  751:	    {
    #####:  752:	      discardCard(i, currentPlayer, state, 0);			
call    0 never executed
    #####:  753:	      break;
        -:  754:	    }
        -:  755:	}
        -:  756:
        -:  757:
    #####:  758:      return 0;
        -:  759:		
        -:  760:    case smithy:
        1:  761:      smithy_card(state, handPos);
call    0 returned 100%
        1:  762:      return 0;
        -:  763:		
        -:  764:    case village:
        1:  765:      village_card(state, handPos);
call    0 returned 100%
        1:  766:      return 0;
        -:  767:		
        -:  768:    case baron:
    #####:  769:      state->numBuys++;//Increase buys by 1!
    #####:  770:      if (choice1 > 0){//Boolean true or going to discard an estate
branch  0 never executed
branch  1 never executed
    #####:  771:	int p = 0;//Iterator for hand!
    #####:  772:	int card_not_discarded = 1;//Flag for discard set!
    #####:  773:	while(card_not_discarded){
branch  0 never executed
branch  1 never executed
    #####:  774:	  if (state->hand[currentPlayer][p] == estate){//Found an estate card!
branch  0 never executed
branch  1 never executed
    #####:  775:	    state->coins += 4;//Add 4 coins to the amount of coins
    #####:  776:	    state->discard[currentPlayer][state->discardCount[currentPlayer]] = state->hand[currentPlayer][p];
    #####:  777:	    state->discardCount[currentPlayer]++;
    #####:  778:	    for (;p < state->handCount[currentPlayer]; p++){
branch  0 never executed
branch  1 never executed
    #####:  779:	      state->hand[currentPlayer][p] = state->hand[currentPlayer][p+1];
        -:  780:	    }
    #####:  781:	    state->hand[currentPlayer][state->handCount[currentPlayer]] = -1;
    #####:  782:	    state->handCount[currentPlayer]--;
    #####:  783:	    card_not_discarded = 0;//Exit the loop
        -:  784:	  }
    #####:  785:	  else if (p > state->handCount[currentPlayer]){
branch  0 never executed
branch  1 never executed
        -:  786:	    if(DEBUG) {
        -:  787:	      printf("No estate cards in your hand, invalid choice\n");
        -:  788:	      printf("Must gain an estate if there are any\n");
        -:  789:	    }
    #####:  790:	    if (supplyCount(estate, state) > 0){
call    0 never executed
branch  1 never executed
branch  2 never executed
    #####:  791:	      gainCard(estate, state, 0, currentPlayer);
call    0 never executed
    #####:  792:	      state->supplyCount[estate]--;//Decrement estates
    #####:  793:	      if (supplyCount(estate, state) == 0){
call    0 never executed
branch  1 never executed
branch  2 never executed
    #####:  794:		isGameOver(state);
call    0 never executed
        -:  795:	      }
        -:  796:	    }
    #####:  797:	    card_not_discarded = 0;//Exit the loop
        -:  798:	  }
        -:  799:			    
        -:  800:	  else{
    #####:  801:	    p++;//Next card
        -:  802:	  }
        -:  803:	}
        -:  804:      }
        -:  805:			    
        -:  806:      else{
    #####:  807:	if (supplyCount(estate, state) > 0){
call    0 never executed
branch  1 never executed
branch  2 never executed
    #####:  808:	  gainCard(estate, state, 0, currentPlayer);//Gain an estate
call    0 never executed
    #####:  809:	  state->supplyCount[estate]--;//Decrement Estates
    #####:  810:	  if (supplyCount(estate, state) == 0){
call    0 never executed
branch  1 never executed
branch  2 never executed
    #####:  811:	    isGameOver(state);
call    0 never executed
        -:  812:	  }
        -:  813:	}
        -:  814:      }
        -:  815:	    
        -:  816:      
    #####:  817:      return 0;
        -:  818:		
        -:  819:    case great_hall:
        -:  820:      //+1 Card
    #####:  821:      drawCard(currentPlayer, state);
call    0 never executed
        -:  822:			
        -:  823:      //+1 Actions
    #####:  824:      state->numActions++;
        -:  825:			
        -:  826:      //discard card from hand
    #####:  827:      discardCard(handPos, currentPlayer, state, 0);
call    0 never executed
    #####:  828:      return 0;
        -:  829:		
        -:  830:    case minion:
        -:  831:      //+1 action
    #####:  832:      state->numActions++;
        -:  833:			
        -:  834:      //discard card from hand
    #####:  835:      discardCard(handPos, currentPlayer, state, 0);
call    0 never executed
        -:  836:			
    #####:  837:      if (choice1)		//+2 coins
branch  0 never executed
branch  1 never executed
        -:  838:	{
    #####:  839:	  state->coins = state->coins + 2;
        -:  840:	}
        -:  841:			
    #####:  842:      else if (choice2)		//discard hand, redraw 4, other players with 5+ cards discard hand and draw 4
branch  0 never executed
branch  1 never executed
        -:  843:	{
        -:  844:	  //discard hand
    #####:  845:	  while(numHandCards(state) > 0)
call    0 never executed
branch  1 never executed
branch  2 never executed
        -:  846:	    {
    #####:  847:	      discardCard(handPos, currentPlayer, state, 0);
call    0 never executed
        -:  848:	    }
        -:  849:				
        -:  850:	  //draw 4
    #####:  851:	  for (i = 0; i < 4; i++)
branch  0 never executed
branch  1 never executed
        -:  852:	    {
    #####:  853:	      drawCard(currentPlayer, state);
call    0 never executed
        -:  854:	    }
        -:  855:				
        -:  856:	  //other players discard hand and redraw if hand size > 4
    #####:  857:	  for (i = 0; i < state->numPlayers; i++)
branch  0 never executed
branch  1 never executed
        -:  858:	    {
    #####:  859:	      if (i != currentPlayer)
branch  0 never executed
branch  1 never executed
        -:  860:		{
    #####:  861:		  if ( state->handCount[i] > 4 )
branch  0 never executed
branch  1 never executed
        -:  862:		    {
        -:  863:		      //discard hand
    #####:  864:		      while( state->handCount[i] > 0 )
branch  0 never executed
branch  1 never executed
        -:  865:			{
    #####:  866:			  discardCard(handPos, i, state, 0);
call    0 never executed
        -:  867:			}
        -:  868:							
        -:  869:		      //draw 4
    #####:  870:		      for (j = 0; j < 4; j++)
branch  0 never executed
branch  1 never executed
        -:  871:			{
    #####:  872:			  drawCard(i, state);
call    0 never executed
        -:  873:			}
        -:  874:		    }
        -:  875:		}
        -:  876:	    }
        -:  877:				
        -:  878:	}
    #####:  879:      return 0;
        -:  880:		
        -:  881:    case steward:
    #####:  882:      if (choice1 == 1)
branch  0 never executed
branch  1 never executed
        -:  883:	{
        -:  884:	  //+2 cards
    #####:  885:	  drawCard(currentPlayer, state);
call    0 never executed
    #####:  886:	  drawCard(currentPlayer, state);
call    0 never executed
        -:  887:	}
    #####:  888:      else if (choice1 == 2)
branch  0 never executed
branch  1 never executed
        -:  889:	{
        -:  890:	  //+2 coins
    #####:  891:	  state->coins = state->coins + 2;
        -:  892:	}
        -:  893:      else
        -:  894:	{
        -:  895:	  //trash 2 cards in hand
    #####:  896:	  discardCard(choice2, currentPlayer, state, 1);
call    0 never executed
    #####:  897:	  discardCard(choice3, currentPlayer, state, 1);
call    0 never executed
        -:  898:	}
        -:  899:			
        -:  900:      //discard card from hand
    #####:  901:      discardCard(handPos, currentPlayer, state, 0);
call    0 never executed
    #####:  902:      return 0;
        -:  903:		
        -:  904:    case tribute:
    #####:  905:      if ((state->discardCount[nextPlayer] + state->deckCount[nextPlayer]) <= 1){
branch  0 never executed
branch  1 never executed
    #####:  906:	if (state->deckCount[nextPlayer] > 0){
branch  0 never executed
branch  1 never executed
    #####:  907:	  tributeRevealedCards[0] = state->deck[nextPlayer][state->deckCount[nextPlayer]-1];
    #####:  908:	  state->deckCount[nextPlayer]--;
        -:  909:	}
    #####:  910:	else if (state->discardCount[nextPlayer] > 0){
branch  0 never executed
branch  1 never executed
    #####:  911:	  tributeRevealedCards[0] = state->discard[nextPlayer][state->discardCount[nextPlayer]-1];
    #####:  912:	  state->discardCount[nextPlayer]--;
        -:  913:	}
        -:  914:	else{
        -:  915:	  //No Card to Reveal
        -:  916:	  if (DEBUG){
        -:  917:	    printf("No cards to reveal\n");
        -:  918:	  }
        -:  919:	}
        -:  920:      }
        -:  921:	    
        -:  922:      else{
    #####:  923:	if (state->deckCount[nextPlayer] == 0){
branch  0 never executed
branch  1 never executed
    #####:  924:	  for (i = 0; i < state->discardCount[nextPlayer]; i++){
branch  0 never executed
branch  1 never executed
    #####:  925:	    state->deck[nextPlayer][i] = state->discard[nextPlayer][i];//Move to deck
    #####:  926:	    state->deckCount[nextPlayer]++;
    #####:  927:	    state->discard[nextPlayer][i] = -1;
    #####:  928:	    state->discardCount[nextPlayer]--;
        -:  929:	  }
        -:  930:			    
    #####:  931:	  shuffle(nextPlayer,state);//Shuffle the deck
call    0 never executed
        -:  932:	} 
    #####:  933:	tributeRevealedCards[0] = state->deck[nextPlayer][state->deckCount[nextPlayer]-1];
    #####:  934:	state->deck[nextPlayer][state->deckCount[nextPlayer]--] = -1;
    #####:  935:	state->deckCount[nextPlayer]--;
    #####:  936:	tributeRevealedCards[1] = state->deck[nextPlayer][state->deckCount[nextPlayer]-1];
    #####:  937:	state->deck[nextPlayer][state->deckCount[nextPlayer]--] = -1;
    #####:  938:	state->deckCount[nextPlayer]--;
        -:  939:      }    
        -:  940:		       
    #####:  941:      if (tributeRevealedCards[0] == tributeRevealedCards[1]){//If we have a duplicate card, just drop one 
branch  0 never executed
branch  1 never executed
    #####:  942:	state->playedCards[state->playedCardCount] = tributeRevealedCards[1];
    #####:  943:	state->playedCardCount++;
    #####:  944:	tributeRevealedCards[1] = -1;
        -:  945:      }
        -:  946:
    #####:  947:      for (i = 0; i <= 2; i ++){
branch  0 never executed
branch  1 never executed
    #####:  948:	if (tributeRevealedCards[i] == copper || tributeRevealedCards[i] == silver || tributeRevealedCards[i] == gold){//Treasure cards
branch  0 never executed
branch  1 never executed
branch  2 never executed
branch  3 never executed
branch  4 never executed
branch  5 never executed
    #####:  949:	  state->coins += 2;
        -:  950:	}
        -:  951:		    
    #####:  952:	else if (tributeRevealedCards[i] == estate || tributeRevealedCards[i] == duchy || tributeRevealedCards[i] == province || tributeRevealedCards[i] == gardens || tributeRevealedCards[i] == great_hall){//Victory Card Found
branch  0 never executed
branch  1 never executed
branch  2 never executed
branch  3 never executed
branch  4 never executed
branch  5 never executed
branch  6 never executed
branch  7 never executed
branch  8 never executed
branch  9 never executed
    #####:  953:	  drawCard(currentPlayer, state);
call    0 never executed
    #####:  954:	  drawCard(currentPlayer, state);
call    0 never executed
        -:  955:	}
        -:  956:	else{//Action Card
    #####:  957:	  state->numActions = state->numActions + 2;
        -:  958:	}
        -:  959:      }
        -:  960:	    
    #####:  961:      return 0;
        -:  962:		
        -:  963:    case ambassador:
    #####:  964:      ambassador_card(choice1, choice2, state, handPos);
call    0 never executed
    #####:  965:      return 0;
        -:  966:		
        -:  967:    case cutpurse:
        -:  968:
    #####:  969:      updateCoins(currentPlayer, state, 2);
call    0 never executed
    #####:  970:      for (i = 0; i < state->numPlayers; i++)
branch  0 never executed
branch  1 never executed
        -:  971:	{
    #####:  972:	  if (i != currentPlayer)
branch  0 never executed
branch  1 never executed
        -:  973:	    {
    #####:  974:	      for (j = 0; j < state->handCount[i]; j++)
branch  0 never executed
branch  1 never executed
        -:  975:		{
    #####:  976:		  if (state->hand[i][j] == copper)
branch  0 never executed
branch  1 never executed
        -:  977:		    {
    #####:  978:		      discardCard(j, i, state, 0);
call    0 never executed
    #####:  979:		      break;
        -:  980:		    }
    #####:  981:		  if (j == state->handCount[i])
branch  0 never executed
branch  1 never executed
        -:  982:		    {
    #####:  983:		      for (k = 0; k < state->handCount[i]; k++)
branch  0 never executed
branch  1 never executed
        -:  984:			{
        -:  985:			  if (DEBUG)
        -:  986:			    printf("Player %d reveals card number %d\n", i, state->hand[i][k]);
        -:  987:			}	
    #####:  988:		      break;
        -:  989:		    }		
        -:  990:		}
        -:  991:					
        -:  992:	    }
        -:  993:				
        -:  994:	}				
        -:  995:
        -:  996:      //discard played card from hand
    #####:  997:      discardCard(handPos, currentPlayer, state, 0);			
call    0 never executed
        -:  998:
    #####:  999:      return 0;
        -: 1000:
        -: 1001:		
        -: 1002:    case embargo: 
        -: 1003:      //+2 Coins
    #####: 1004:      state->coins = state->coins + 2;
        -: 1005:			
        -: 1006:      //see if selected pile is in play
    #####: 1007:      if ( state->supplyCount[choice1] == -1 )
branch  0 never executed
branch  1 never executed
        -: 1008:	{
    #####: 1009:	  return -1;
        -: 1010:	}
        -: 1011:			
        -: 1012:      //add embargo token to selected supply pile
    #####: 1013:      state->embargoTokens[choice1]++;
        -: 1014:			
        -: 1015:      //trash card
    #####: 1016:      discardCard(handPos, currentPlayer, state, 1);		
call    0 never executed
    #####: 1017:      return 0;
        -: 1018:		
        -: 1019:    case outpost:
        -: 1020:      //set outpost flag
    #####: 1021:      state->outpostPlayed++;
        -: 1022:			
        -: 1023:      //discard card
    #####: 1024:      discardCard(handPos, currentPlayer, state, 0);
call    0 never executed
    #####: 1025:      return 0;
        -: 1026:		
        -: 1027:    case salvager:
        -: 1028:      //+1 buy
    #####: 1029:      state->numBuys++;
        -: 1030:			
    #####: 1031:      if (choice1)
branch  0 never executed
branch  1 never executed
        -: 1032:	{
        -: 1033:	  //gain coins equal to trashed card
    #####: 1034:	  state->coins = state->coins + getCost( handCard(choice1, state) );
call    0 never executed
call    1 never executed
        -: 1035:	  //trash card
    #####: 1036:	  discardCard(choice1, currentPlayer, state, 1);	
call    0 never executed
        -: 1037:	}
        -: 1038:			
        -: 1039:      //discard card
    #####: 1040:      discardCard(handPos, currentPlayer, state, 0);
call    0 never executed
    #####: 1041:      return 0;
        -: 1042:		
        -: 1043:    case sea_hag:
    #####: 1044:      for (i = 0; i < state->numPlayers; i++){
branch  0 never executed
branch  1 never executed
    #####: 1045:	if (i != currentPlayer){
branch  0 never executed
branch  1 never executed
    #####: 1046:	  state->discard[i][state->discardCount[i]] = state->deck[i][state->deckCount[i]--];			    state->deckCount[i]--;
    #####: 1047:	  state->discardCount[i]++;
    #####: 1048:	  state->deck[i][state->deckCount[i]--] = curse;//Top card now a curse
        -: 1049:	}
        -: 1050:      }
    #####: 1051:      return 0;
        -: 1052:		
        -: 1053:    case treasure_map:
        -: 1054:      //search hand for another treasure_map
    #####: 1055:      index = -1;
    #####: 1056:      for (i = 0; i < state->handCount[currentPlayer]; i++)
branch  0 never executed
branch  1 never executed
        -: 1057:	{
    #####: 1058:	  if (state->hand[currentPlayer][i] == treasure_map && i != handPos)
branch  0 never executed
branch  1 never executed
branch  2 never executed
branch  3 never executed
        -: 1059:	    {
    #####: 1060:	      index = i;
    #####: 1061:	      break;
        -: 1062:	    }
        -: 1063:	}
    #####: 1064:      if (index > -1)
branch  0 never executed
branch  1 never executed
        -: 1065:	{
        -: 1066:	  //trash both treasure cards
    #####: 1067:	  discardCard(handPos, currentPlayer, state, 1);
call    0 never executed
    #####: 1068:	  discardCard(index, currentPlayer, state, 1);
call    0 never executed
        -: 1069:
        -: 1070:	  //gain 4 Gold cards
    #####: 1071:	  for (i = 0; i < 4; i++)
branch  0 never executed
branch  1 never executed
        -: 1072:	    {
    #####: 1073:	      gainCard(gold, state, 1, currentPlayer);
call    0 never executed
        -: 1074:	    }
        -: 1075:				
        -: 1076:	  //return success
    #####: 1077:	  return 1;
        -: 1078:	}
        -: 1079:			
        -: 1080:      //no second treasure_map found in hand
    #####: 1081:      return -1;
        -: 1082:    }
        -: 1083:	
    #####: 1084:  return -1;
        -: 1085:}
        -: 1086:
        -: 1087://Refactored functions taken from cardEffect function
function adventurer_card called 1 returned 100% blocks executed 69%
        1: 1088:int adventurer_card(struct gameState *state)
        -: 1089:{
        1: 1090:  int currentPlayer = whoseTurn(state);
call    0 returned 100%
        -: 1091:  int temphand[MAX_HAND];// moved above the if statement
        1: 1092:  int drawntreasure=0;
        -: 1093:  int cardDrawn;
        -: 1094:
        1: 1095:  int z = 0;	// this is the counter for the temp hand
        -: 1096:
        -: 1097:  //Bug #1 : Player will reveal cards from deck until 1 Treasure card is revealed (normally 2 Treasure cards)
        3: 1098:  while(drawntreasure<1){
branch  0 taken 50%
branch  1 taken 50% (fallthrough)
        1: 1099:	if (state->deckCount[currentPlayer] <1){//if the deck is empty we need to shuffle discard and add to deck
branch  0 taken 0% (fallthrough)
branch  1 taken 100%
    #####: 1100:	  shuffle(currentPlayer, state);
call    0 never executed
        -: 1101:	}
        1: 1102:	drawCard(currentPlayer, state);
call    0 returned 100%
        1: 1103:	cardDrawn = state->hand[currentPlayer][state->handCount[currentPlayer]-1];//top card of hand is most recently drawn card.
        1: 1104:	if (cardDrawn == copper || cardDrawn == silver || cardDrawn == gold)
branch  0 taken 0% (fallthrough)
branch  1 taken 100%
branch  2 never executed
branch  3 never executed
branch  4 never executed
branch  5 never executed
        1: 1105:	  drawntreasure++;
        -: 1106:	else{
    #####: 1107:	  temphand[z]=cardDrawn;
    #####: 1108:	  state->handCount[currentPlayer]--; //this should just remove the top card (the most recently drawn one).
    #####: 1109:	  z++;
        -: 1110:	}
        -: 1111:      }
        2: 1112:      while(z-1>=0){
branch  0 taken 0%
branch  1 taken 100% (fallthrough)
    #####: 1113:	state->discard[currentPlayer][state->discardCount[currentPlayer]++]=temphand[z-1]; // discard all cards in play that have been drawn
    #####: 1114:	z=z-1;
        -: 1115:      }
        1: 1116:      return 0;
        -: 1117:
        -: 1118:}
        -: 1119:
        -: 1120:
function smithy_card called 1 returned 100% blocks executed 100%
        1: 1121:int smithy_card(struct gameState *state, int handPos)
        -: 1122:{
        1: 1123:	int currentPlayer = whoseTurn(state);
call    0 returned 100%
        -: 1124:	int i;
        -: 1125:
        -: 1126:      //Bug #2 : Player will draw 4 cards rather than the original 3 cards 
        5: 1127:      for (i = 0; i < 4; i++)
branch  0 taken 80%
branch  1 taken 20% (fallthrough)
        -: 1128:	{
        4: 1129:	  drawCard(currentPlayer, state);
call    0 returned 100%
        -: 1130:	}
        -: 1131:			
        -: 1132:      //discard card from hand
        1: 1133:      discardCard(handPos, currentPlayer, state, 0);
call    0 returned 100%
        1: 1134:      return 0;
        -: 1135:}
        -: 1136:
        -: 1137:
function village_card called 1 returned 100% blocks executed 100%
        1: 1138:int village_card(struct gameState *state, int handPos)
        -: 1139:{
        1: 1140:      int currentPlayer = whoseTurn(state);
call    0 returned 100%
        -: 1141:
        -: 1142:	 //+1 Card
        1: 1143:      drawCard(currentPlayer, state);
call    0 returned 100%
        -: 1144:			
        -: 1145:      //+2 Actions
        1: 1146:      state->numActions = state->numActions + 2;
        -: 1147:			
        -: 1148:      //discard played card from hand
        -: 1149:      //Bug #3 : This bug will change the value of trashFlag from 0 to 1 to incorrectly run discardCard
        1: 1150:      discardCard(handPos, currentPlayer, state, 1);
call    0 returned 100%
        1: 1151:      return 0;
        -: 1152:
        -: 1153:}
        -: 1154:
        -: 1155:
function feast_card called 0 returned 0% blocks executed 0%
    #####: 1156:int feast_card(int choice1, struct gameState *state)
        -: 1157:{
        -: 1158:	int i;
        -: 1159:	int x;
    #####: 1160:	int currentPlayer = whoseTurn(state);
call    0 never executed
        -: 1161:	int temphand[MAX_HAND];
        -: 1162:
        -: 1163:	//gain card with cost up to 5
        -: 1164:      //Backup hand
    #####: 1165:      for (i = 0; i <= state->handCount[currentPlayer]; i++){
branch  0 never executed
branch  1 never executed
    #####: 1166:	temphand[i] = state->hand[currentPlayer][i];//Backup card
    #####: 1167:	state->hand[currentPlayer][i] = -1;//Set to nothing
        -: 1168:      }
        -: 1169:      //Backup hand
        -: 1170:
        -: 1171:      //Update Coins for Buy
    #####: 1172:      updateCoins(currentPlayer, state, 5);
call    0 never executed
    #####: 1173:      x = 1;//Condition to loop on
    #####: 1174:      while( x == 1) {//Buy one card
branch  0 never executed
branch  1 never executed
    #####: 1175:	if (supplyCount(choice1, state) <= 0){
call    0 never executed
branch  1 never executed
branch  2 never executed
        -: 1176:	  if (DEBUG)
        -: 1177:	    printf("None of that card left, sorry!\n");
        -: 1178:
        -: 1179:	  if (DEBUG){
        -: 1180:	    printf("Cards Left: %d\n", supplyCount(choice1, state));
        -: 1181:	  }
        -: 1182:	}
    #####: 1183:	else if (state->coins < getCost(choice1)){
call    0 never executed
branch  1 never executed
branch  2 never executed
    #####: 1184:	  printf("That card is too expensive!\n");
call    0 never executed
        -: 1185:
        -: 1186:	  if (DEBUG){
        -: 1187:	    printf("Coins: %d < %d\n", state->coins, getCost(choice1));
        -: 1188:	  }
        -: 1189:	}
        -: 1190:	else{
        -: 1191:
        -: 1192:	  if (DEBUG){
        -: 1193:	    printf("Deck Count: %d\n", state->handCount[currentPlayer] + state->deckCount[currentPlayer] + state->discardCount[currentPlayer]);
        -: 1194:	  }
        -: 1195:
        -: 1196:	  //Bug #4 : This bug will set the toFlag value from 0 to 1. Instead of adding card to discard, the card will
        -: 1197:	  //be added to the deck
    #####: 1198:	  gainCard(choice1, state, 1, currentPlayer);//Gain the card
call    0 never executed
    #####: 1199:	  x = 0;//No more buying cards
        -: 1200:
        -: 1201:	  if (DEBUG){
        -: 1202:	    printf("Deck Count: %d\n", state->handCount[currentPlayer] + state->deckCount[currentPlayer] + state->discardCount[currentPlayer]);
        -: 1203:	  }
        -: 1204:
        -: 1205:	}
        -: 1206:      }     
        -: 1207:
        -: 1208:      //Reset Hand
    #####: 1209:      for (i = 0; i <= state->handCount[currentPlayer]; i++){
branch  0 never executed
branch  1 never executed
    #####: 1210:	state->hand[currentPlayer][i] = temphand[i];
    #####: 1211:	temphand[i] = -1;
        -: 1212:      }
        -: 1213:      //Reset Hand
        -: 1214:      			
    #####: 1215:      return 0;
        -: 1216:}
        -: 1217:
        -: 1218:
function ambassador_card called 0 returned 0% blocks executed 0%
    #####: 1219:int ambassador_card(int choice1, int choice2, struct gameState *state, int handPos)
        -: 1220:{
        -: 1221:	int i;
        -: 1222:	int j;
    #####: 1223:	int currentPlayer = whoseTurn(state);
call    0 never executed
        -: 1224:	
        -: 1225:
    #####: 1226:	  j = 0;		//used to check if player has enough cards to discard
        -: 1227:
    #####: 1228:      if (choice2 > 2 || choice2 < 0)
branch  0 never executed
branch  1 never executed
branch  2 never executed
branch  3 never executed
        -: 1229:	{
    #####: 1230:	  return -1;				
        -: 1231:	}
        -: 1232:
    #####: 1233:      if (choice1 == handPos)
branch  0 never executed
branch  1 never executed
        -: 1234:	{
    #####: 1235:	  return -1;
        -: 1236:	}
        -: 1237:
    #####: 1238:      for (i = 0; i < state->handCount[currentPlayer]; i++)
branch  0 never executed
branch  1 never executed
        -: 1239:	{
    #####: 1240:	  if (i != handPos && i == state->hand[currentPlayer][choice1] && i != choice1)
branch  0 never executed
branch  1 never executed
branch  2 never executed
branch  3 never executed
branch  4 never executed
branch  5 never executed
        -: 1241:	    {
    #####: 1242:	      j++;
        -: 1243:	    }
        -: 1244:	}
    #####: 1245:      if (j < choice2)
branch  0 never executed
branch  1 never executed
        -: 1246:	{
    #####: 1247:	  return -1;				
        -: 1248:	}
        -: 1249:
        -: 1250:      if (DEBUG) 
        -: 1251:	printf("Player %d reveals card number: %d\n", currentPlayer, state->hand[currentPlayer][choice1]);
        -: 1252:
        -: 1253:      //increase supply count for choosen card by amount being discarded
    #####: 1254:      state->supplyCount[state->hand[currentPlayer][choice1]] += choice2;
        -: 1255:			
        -: 1256:      //each other player gains a copy of revealed card
    #####: 1257:      for (i = 0; i < state->numPlayers; i++)
branch  0 never executed
branch  1 never executed
        -: 1258:	{
    #####: 1259:	  if (i != currentPlayer)
branch  0 never executed
branch  1 never executed
        -: 1260:	    {
    #####: 1261:	      gainCard(state->hand[currentPlayer][choice1], state, 0, i);
call    0 never executed
        -: 1262:	    }
        -: 1263:	}
        -: 1264:
        -: 1265:      //discard played card from hand
    #####: 1266:      discardCard(handPos, currentPlayer, state, 0);			
call    0 never executed
        -: 1267:
        -: 1268:      //trash copies of cards returned to supply
    #####: 1269:      for (j = 0; j < choice2; j++)
branch  0 never executed
branch  1 never executed
        -: 1270:	{
    #####: 1271:	  for (i = 0; i < state->handCount[currentPlayer]; i++)
branch  0 never executed
branch  1 never executed
        -: 1272:	    {
    #####: 1273:	      if (state->hand[currentPlayer][i] == state->hand[currentPlayer][choice1])
branch  0 never executed
branch  1 never executed
        -: 1274:		{
    #####: 1275:		  discardCard(i, currentPlayer, state, 1);
call    0 never executed
    #####: 1276:		  break;
        -: 1277:		}
        -: 1278:	    }
        -: 1279:	}			
        -: 1280:
    #####: 1281:      return 0;
        -: 1282:}
        -: 1283:
        -: 1284:
function discardCard called 2 returned 100% blocks executed 78%
        2: 1285:int discardCard(int handPos, int currentPlayer, struct gameState *state, int trashFlag)
        -: 1286:{
        -: 1287:	
        -: 1288:  //if card is not trashed, added to Played pile 
        2: 1289:  if (trashFlag < 1)
branch  0 taken 50% (fallthrough)
branch  1 taken 50%
        -: 1290:    {
        -: 1291:      //add card to played pile
        1: 1292:      state->playedCards[state->playedCardCount] = state->hand[currentPlayer][handPos]; 
        1: 1293:      state->playedCardCount++;
        -: 1294:    }
        -: 1295:	
        -: 1296:  //set played card to -1
        2: 1297:  state->hand[currentPlayer][handPos] = -1;
        -: 1298:	
        -: 1299:  //remove card from player's hand
        2: 1300:  if ( handPos == (state->handCount[currentPlayer] - 1) ) 	//last card in hand array is played
branch  0 taken 0% (fallthrough)
branch  1 taken 100%
        -: 1301:    {
        -: 1302:      //reduce number of cards in hand
    #####: 1303:      state->handCount[currentPlayer]--;
        -: 1304:    }
        2: 1305:  else if ( state->handCount[currentPlayer] == 1 ) //only one card in hand
branch  0 taken 0% (fallthrough)
branch  1 taken 100%
        -: 1306:    {
        -: 1307:      //reduce number of cards in hand
    #####: 1308:      state->handCount[currentPlayer]--;
        -: 1309:    }
        -: 1310:  else 	
        -: 1311:    {
        -: 1312:      //replace discarded card with last card in hand
        2: 1313:      state->hand[currentPlayer][handPos] = state->hand[currentPlayer][ (state->handCount[currentPlayer] - 1)];
        -: 1314:      //set last card to -1
        2: 1315:      state->hand[currentPlayer][state->handCount[currentPlayer] - 1] = -1;
        -: 1316:      //reduce number of cards in hand
        2: 1317:      state->handCount[currentPlayer]--;
        -: 1318:    }
        -: 1319:	
        2: 1320:  return 0;
        -: 1321:}
        -: 1322:
function gainCard called 0 returned 0% blocks executed 0%
    #####: 1323:int gainCard(int supplyPos, struct gameState *state, int toFlag, int player)
        -: 1324:{
        -: 1325:  //Note: supplyPos is enum of choosen card
        -: 1326:	
        -: 1327:  //check if supply pile is empty (0) or card is not used in game (-1)
    #####: 1328:  if ( supplyCount(supplyPos, state) < 1 )
call    0 never executed
branch  1 never executed
branch  2 never executed
        -: 1329:    {
    #####: 1330:      return -1;
        -: 1331:    }
        -: 1332:	
        -: 1333:  //added card for [whoseTurn] current player:
        -: 1334:  // toFlag = 0 : add to discard
        -: 1335:  // toFlag = 1 : add to deck
        -: 1336:  // toFlag = 2 : add to hand
        -: 1337:
    #####: 1338:  if (toFlag == 1)
branch  0 never executed
branch  1 never executed
        -: 1339:    {
    #####: 1340:      state->deck[ player ][ state->deckCount[player] ] = supplyPos;
    #####: 1341:      state->deckCount[player]++;
        -: 1342:    }
    #####: 1343:  else if (toFlag == 2)
branch  0 never executed
branch  1 never executed
        -: 1344:    {
    #####: 1345:      state->hand[ player ][ state->handCount[player] ] = supplyPos;
    #####: 1346:      state->handCount[player]++;
        -: 1347:    }
        -: 1348:  else
        -: 1349:    {
    #####: 1350:      state->discard[player][ state->discardCount[player] ] = supplyPos;
    #####: 1351:      state->discardCount[player]++;
        -: 1352:    }
        -: 1353:	
        -: 1354:  //decrease number in supply pile
    #####: 1355:  state->supplyCount[supplyPos]--;
        -: 1356:	 
    #####: 1357:  return 0;
        -: 1358:}
        -: 1359:
function updateCoins called 444 returned 100% blocks executed 100%
      444: 1360:int updateCoins(int player, struct gameState *state, int bonus)
        -: 1361:{
        -: 1362:  int i;
        -: 1363:	
        -: 1364:  //reset coin count
      444: 1365:  state->coins = 0;
        -: 1366:
        -: 1367:  //add coins for each Treasure card in player's hand
     2004: 1368:  for (i = 0; i < state->handCount[player]; i++)
branch  0 taken 78%
branch  1 taken 22% (fallthrough)
        -: 1369:    {
     1560: 1370:      if (state->hand[player][i] == copper)
branch  0 taken 50% (fallthrough)
branch  1 taken 50%
        -: 1371:	{
      786: 1372:	  state->coins += 1;
        -: 1373:	}
      774: 1374:      else if (state->hand[player][i] == silver)
branch  0 taken 43% (fallthrough)
branch  1 taken 57%
        -: 1375:	{
      330: 1376:	  state->coins += 2;
        -: 1377:	}
      444: 1378:      else if (state->hand[player][i] == gold)
branch  0 taken 74% (fallthrough)
branch  1 taken 26%
        -: 1379:	{
      330: 1380:	  state->coins += 3;
        -: 1381:	}	
        -: 1382:    }	
        -: 1383:
        -: 1384:  //add bonus
      444: 1385:  state->coins += bonus;
        -: 1386:
      444: 1387:  return 0;
        -: 1388:}
        -: 1389:
        -: 1390:
        -: 1391://end of dominion.c
        -: 1392:
